FULL RUN — H_005 G3-a d=384 ×2seed ×5arm …
  training A-hand.s0 (CPT 8000 + drill 4000, d=384)…
    A-hand.s0: f2″=1.0 f1′=1.0 drill=1.0
  training A-χ̂.s0 (CPT 8000 + drill 4000, d=384)…
    A-χ̂.s0: f2″=0.8242 f1′=0.75 drill=1.0 chi_grad=True phi_frozen=True
  training C-χ̂plc.s0 (CPT 8000 + drill 4000, d=384)…
    C-χ̂plc.s0: f2″=0.526 f1′=0.5156 drill=1.0
  training C-scaf.s0 (CPT 8000 + drill 4000, d=384)…
    C-scaf.s0: f2″=0.5208 f1′=0.4688 drill=0.5508
  training C-perm.s0 (CPT 8000 + drill 4000, d=384)…
    C-perm.s0: f2″=0.4922 f1′=0.5312 drill=0.4961
  training A-hand.s1 (CPT 8000 + drill 4000, d=384)…
    A-hand.s1: f2″=1.0 f1′=1.0 drill=1.0
  training A-χ̂.s1 (CPT 8000 + drill 4000, d=384)…
    A-χ̂.s1: f2″=0.7096 f1′=0.6406 drill=0.832 chi_grad=True phi_frozen=True
  training C-χ̂plc.s1 (CPT 8000 + drill 4000, d=384)…
    C-χ̂plc.s1: f2″=0.5182 f1′=0.4688 drill=0.875
  training C-scaf.s1 (CPT 8000 + drill 4000, d=384)…
    C-scaf.s1: f2″=0.5664 f1′=0.4844 drill=0.5508
  training C-perm.s1 (CPT 8000 + drill 4000, d=384)…
    C-perm.s1: f2″=0.4844 f1′=0.5 drill=0.4961
wrote g3a_result_full.json
