FULL RUN — H_004 G-2 d=384 ×2seed ×5arm (~4h)…
  training A-duel.s0 (CPT 8000 + drill 4000, d=384)…
    A-duel.s0: f2″=1.0 f1′=1.0 drill=1.0
  training A-rank1.s0 (CPT 8000 + drill 4000, d=384)…
    A-rank1.s0: f2″=0.6211 f1′=1.0 drill=0.6211
  training C-plc.s0 (CPT 8000 + drill 4000, d=384)…
    C-plc.s0: f2″=0.625 f1′=1.0 drill=0.9922
  training C-scaf.s0 (CPT 8000 + drill 4000, d=384)…
    C-scaf.s0: f2″=0.4935 f1′=0.4688 drill=0.5039
  training C-perm.s0 (CPT 8000 + drill 4000, d=384)…
    C-perm.s0: f2″=0.4648 f1′=0.5 drill=0.5312
  training A-duel.s1 (CPT 8000 + drill 4000, d=384)…
    A-duel.s1: f2″=1.0 f1′=1.0 drill=1.0
  training A-rank1.s1 (CPT 8000 + drill 4000, d=384)…
    A-rank1.s1: f2″=0.6198 f1′=1.0 drill=0.6328
  training C-plc.s1 (CPT 8000 + drill 4000, d=384)…
    C-plc.s1: f2″=0.6341 f1′=0.9062 drill=1.0
  training C-scaf.s1 (CPT 8000 + drill 4000, d=384)…
    C-scaf.s1: f2″=0.5534 f1′=0.5 drill=0.5586
  training C-perm.s1 (CPT 8000 + drill 4000, d=384)…
    C-perm.s1: f2″=0.4857 f1′=0.5 drill=0.5
wrote train_result_full.json
